2014/01/02 15:56:09 [error] [exception.CException] exception 'CException' with message 'Please configure the "password" property of the "gii" module.' in D:\upupw\htdocs\yii\yii14\framework\gii\components\UserIdentity.php:13
Stack trace:
#0 D:\upupw\htdocs\yii\yii14\framework\gii\models\LoginForm.php(26): UserIdentity->authenticate()
#1 D:\upupw\htdocs\yii\yii14\framework\validators\CInlineValidator.php(42): LoginForm->authenticate('password', Array)
#2 D:\upupw\htdocs\yii\yii14\framework\validators\CValidator.php(213): CInlineValidator->validateAttribute(Object(LoginForm), 'password')
#3 D:\upupw\htdocs\yii\yii14\framework\base\CModel.php(159): CValidator->validate(Object(LoginForm), NULL)
#4 D:\upupw\htdocs\yii\yii14\framework\gii\controllers\DefaultController.php(43): CModel->validate()
#5 D:\upupw\htdocs\yii\yii14\framework\web\actions\CInlineAction.php(49): DefaultController->actionLogin()
#6 D:\upupw\htdocs\yii\yii14\framework\web\CController.php(308): CInlineAction->runWithParams(Array)
#7 D:\upupw\htdocs\yii\yii14\framework\web\CController.php(286): CController->runAction(Object(CInlineAction))
#8 D:\upupw\htdocs\yii\yii14\framework\web\CController.php(265): CController->runActionWithFilters(Object(CInlineAction), Array)
#9 D:\upupw\htdocs\yii\yii14\framework\web\CWebApplication.php(282): CController->run('login')
#10 D:\upupw\htdocs\yii\yii14\framework\web\CWebApplication.php(141): CWebApplication->runController('gii/default/log...')
#11 D:\upupw\htdocs\yii\yii14\framework\base\CApplication.php(180): CWebApplication->processRequest()
#12 D:\upupw\htdocs\yii\lct\index.php(13): CApplication->run()
#13 {main}
REQUEST_URI=/yii/lct/index.php?r=gii/default/login
HTTP_REFERER=http://localhost/yii/lct/index.php?r=gii/default/login
---
2014/01/02 16:37:37 [error] [exception.CException] exception 'CException' with message 'Property "User.salt" is not defined.' in D:\upupw\htdocs\yii\yii14\framework\base\CComponent.php:130
Stack trace:
#0 D:\upupw\htdocs\yii\yii14\framework\db\ar\CActiveRecord.php(145): CComponent->__get('salt')
#1 D:\upupw\htdocs\yii\lct\protected\models\User.php(103): CActiveRecord->__get('salt')
#2 D:\upupw\htdocs\yii\lct\protected\components\UserIdentity.php(13): User->validatePassword('pass1')
#3 D:\upupw\htdocs\yii\lct\protected\models\LoginForm.php(52): UserIdentity->authenticate()
#4 D:\upupw\htdocs\yii\yii14\framework\validators\CInlineValidator.php(42): LoginForm->authenticate('password', Array)
#5 D:\upupw\htdocs\yii\yii14\framework\validators\CValidator.php(213): CInlineValidator->validateAttribute(Object(LoginForm), 'password')
#6 D:\upupw\htdocs\yii\yii14\framework\base\CModel.php(159): CValidator->validate(Object(LoginForm), NULL)
#7 D:\upupw\htdocs\yii\lct\protected\controllers\SiteController.php(94): CModel->validate()
#8 D:\upupw\htdocs\yii\yii14\framework\web\actions\CInlineAction.php(49): SiteController->actionLogin()
#9 D:\upupw\htdocs\yii\yii14\framework\web\CController.php(308): CInlineAction->runWithParams(Array)
#10 D:\upupw\htdocs\yii\yii14\framework\web\CController.php(286): CController->runAction(Object(CInlineAction))
#11 D:\upupw\htdocs\yii\yii14\framework\web\CController.php(265): CController->runActionWithFilters(Object(CInlineAction), Array)
#12 D:\upupw\htdocs\yii\yii14\framework\web\CWebApplication.php(282): CController->run('login')
#13 D:\upupw\htdocs\yii\yii14\framework\web\CWebApplication.php(141): CWebApplication->runController('site/login')
#14 D:\upupw\htdocs\yii\yii14\framework\base\CApplication.php(180): CWebApplication->processRequest()
#15 D:\upupw\htdocs\yii\lct\index.php(13): CApplication->run()
#16 {main}
REQUEST_URI=/yii/lct/index.php?r=site/login
HTTP_REFERER=http://localhost/yii/lct/index.php?r=site/login
---
2014/01/02 16:39:23 [error] [exception.CException] exception 'CException' with message 'Property "User.salt" is not defined.' in D:\upupw\htdocs\yii\yii14\framework\base\CComponent.php:130
Stack trace:
#0 D:\upupw\htdocs\yii\yii14\framework\db\ar\CActiveRecord.php(145): CComponent->__get('salt')
#1 D:\upupw\htdocs\yii\lct\protected\models\User.php(103): CActiveRecord->__get('salt')
#2 D:\upupw\htdocs\yii\lct\protected\components\UserIdentity.php(13): User->validatePassword('demo')
#3 D:\upupw\htdocs\yii\lct\protected\models\LoginForm.php(52): UserIdentity->authenticate()
#4 D:\upupw\htdocs\yii\yii14\framework\validators\CInlineValidator.php(42): LoginForm->authenticate('password', Array)
#5 D:\upupw\htdocs\yii\yii14\framework\validators\CValidator.php(213): CInlineValidator->validateAttribute(Object(LoginForm), 'password')
#6 D:\upupw\htdocs\yii\yii14\framework\base\CModel.php(159): CValidator->validate(Object(LoginForm), NULL)
#7 D:\upupw\htdocs\yii\lct\protected\controllers\SiteController.php(94): CModel->validate()
#8 D:\upupw\htdocs\yii\yii14\framework\web\actions\CInlineAction.php(49): SiteController->actionLogin()
#9 D:\upupw\htdocs\yii\yii14\framework\web\CController.php(308): CInlineAction->runWithParams(Array)
#10 D:\upupw\htdocs\yii\yii14\framework\web\CController.php(286): CController->runAction(Object(CInlineAction))
#11 D:\upupw\htdocs\yii\yii14\framework\web\CController.php(265): CController->runActionWithFilters(Object(CInlineAction), Array)
#12 D:\upupw\htdocs\yii\yii14\framework\web\CWebApplication.php(282): CController->run('login')
#13 D:\upupw\htdocs\yii\yii14\framework\web\CWebApplication.php(141): CWebApplication->runController('site/login')
#14 D:\upupw\htdocs\yii\yii14\framework\base\CApplication.php(180): CWebApplication->processRequest()
#15 D:\upupw\htdocs\yii\lct\index.php(13): CApplication->run()
#16 {main}
REQUEST_URI=/yii/lct/index.php?r=site/login
HTTP_REFERER=http://localhost/yii/lct/index.php?r=site/login
---
2014/01/06 16:36:16 [error] [exception.CException] exception 'CException' with message 'Property "LoginForm.visa_remain" is not defined.' in D:\upupw\htdocs\yii\yii14\framework\base\CComponent.php:130
Stack trace:
#0 D:\upupw\htdocs\yii\yii14\framework\web\helpers\CHtml.php(2529): CComponent->__get('visa_remain')
#1 D:\upupw\htdocs\yii\yii14\framework\web\helpers\CHtml.php(2252): CHtml::resolveValue(Object(LoginForm), 'visa_remain')
#2 D:\upupw\htdocs\yii\yii14\framework\web\helpers\CHtml.php(1434): CHtml::activeInputField('text', Object(LoginForm), 'visa_remain', Array)
#3 D:\upupw\htdocs\yii\lct\protected\extensions\CJuiDateTimePicker\CJuiDateTimePicker.php(38): CHtml::activeTextField(Object(LoginForm), 'visa_remain', Array)
#4 D:\upupw\htdocs\yii\yii14\framework\web\CBaseController.php(173): CJuiDateTimePicker->run()
#5 D:\upupw\htdocs\yii\lct\protected\views\site\login.php(61): CBaseController->widget('CJuiDateTimePic...', Array)
#6 D:\upupw\htdocs\yii\yii14\framework\web\CBaseController.php(126): require('D:\upupw\htdocs...')
#7 D:\upupw\htdocs\yii\yii14\framework\web\CBaseController.php(95): CBaseController->renderInternal('D:\upupw\htdocs...', Array, true)
#8 D:\upupw\htdocs\yii\yii14\framework\web\CController.php(869): CBaseController->renderFile('D:\upupw\htdocs...', Array, true)
#9 D:\upupw\htdocs\yii\yii14\framework\web\CController.php(782): CController->renderPartial('login', Array, true)
#10 D:\upupw\htdocs\yii\lct\protected\controllers\SiteController.php(100): CController->render('login', Array)
#11 D:\upupw\htdocs\yii\yii14\framework\web\actions\CInlineAction.php(49): SiteController->actionLogin()
#12 D:\upupw\htdocs\yii\yii14\framework\web\CController.php(308): CInlineAction->runWithParams(Array)
#13 D:\upupw\htdocs\yii\yii14\framework\web\CController.php(286): CController->runAction(Object(CInlineAction))
#14 D:\upupw\htdocs\yii\yii14\framework\web\CController.php(265): CController->runActionWithFilters(Object(CInlineAction), Array)
#15 D:\upupw\htdocs\yii\yii14\framework\web\CWebApplication.php(282): CController->run('login')
#16 D:\upupw\htdocs\yii\yii14\framework\web\CWebApplication.php(141): CWebApplication->runController('site/login')
#17 D:\upupw\htdocs\yii\yii14\framework\base\CApplication.php(180): CWebApplication->processRequest()
#18 D:\upupw\htdocs\yii\lct\index.php(13): CApplication->run()
#19 {main}
REQUEST_URI=/yii/lct/index.php?r=site/login
HTTP_REFERER=http://localhost/yii/lct/
---
