2014/01/14 16:21:05 [error] [exception.CException] exception 'CException' with message 'Property "Shouyi.c_time" is not defined.' in D:\upupw\htdocs\yii\yii14\framework\base\CComponent.php:130
Stack trace:
#0 D:\upupw\htdocs\yii\yii14\framework\db\ar\CActiveRecord.php(145): CComponent->__get('c_time')
#1 D:\upupw\htdocs\yii\apps\xsm\protected\views\site\index.php(29): CActiveRecord->__get('c_time')
#2 D:\upupw\htdocs\yii\yii14\framework\web\CBaseController.php(126): require('D:\upupw\htdocs...')
#3 D:\upupw\htdocs\yii\yii14\framework\web\CBaseController.php(95): CBaseController->renderInternal('D:\upupw\htdocs...', Array, true)
#4 D:\upupw\htdocs\yii\yii14\framework\web\CController.php(869): CBaseController->renderFile('D:\upupw\htdocs...', Array, true)
#5 D:\upupw\htdocs\yii\yii14\framework\web\CController.php(782): CController->renderPartial('index', Array, true)
#6 D:\upupw\htdocs\yii\apps\xsm\protected\controllers\SiteController.php(41): CController->render('index', Array)
#7 D:\upupw\htdocs\yii\yii14\framework\web\actions\CInlineAction.php(49): SiteController->actionIndex()
#8 D:\upupw\htdocs\yii\yii14\framework\web\CController.php(308): CInlineAction->runWithParams(Array)
#9 D:\upupw\htdocs\yii\yii14\framework\web\CController.php(286): CController->runAction(Object(CInlineAction))
#10 D:\upupw\htdocs\yii\yii14\framework\web\CController.php(265): CController->runActionWithFilters(Object(CInlineAction), Array)
#11 D:\upupw\htdocs\yii\yii14\framework\web\CWebApplication.php(282): CController->run('index')
#12 D:\upupw\htdocs\yii\yii14\framework\web\CWebApplication.php(141): CWebApplication->runController('site/index')
#13 D:\upupw\htdocs\yii\yii14\framework\base\CApplication.php(180): CWebApplication->processRequest()
#14 D:\upupw\htdocs\yii\apps\xsm\index.php(13): CApplication->run()
#15 {main}
REQUEST_URI=/yii/apps/xsm/index.php?r=site/index
HTTP_REFERER=http://localhost/yii/apps/xsm/index.php?r=site/index
---
